2025-07-09 14:35:40,833 [INFO ][org.jppf.utils.FileUtils.initJPPFTempDir(482)]: JPPF temp folder C:\Users\Work\AppData\Local\Temp\.jppf
2025-07-09 14:35:41,000 [INFO ][org.jppf.utils.VersionUtils.logVersionInformation(78)]: --------------------------------------------------------------------------------
2025-07-09 14:35:41,001 [INFO ][org.jppf.utils.VersionUtils.logVersionInformation(79)]: JPPF Version: 6.2, Build number: 2613, Build date: 2020-02-08 09:42 CET
2025-07-09 14:35:41,001 [INFO ][org.jppf.utils.VersionUtils.logVersionInformation(80)]: starting client with PID=26752, UUID=B6301A38-361E-4B9C-BC36-89E7BC2481CD
2025-07-09 14:35:41,001 [INFO ][org.jppf.utils.VersionUtils.logVersionInformation(81)]: --------------------------------------------------------------------------------
2025-07-09 14:35:41,005 [INFO ][org.jppf.persistence.DatasourceInitializerImpl.init(128)]: HikariCP libraries are not in the classpath, no datasource will be defined
2025-07-09 14:35:41,007 [INFO ][org.jppf.client.AbstractGenericClient.init(138)]: created client-side datasources: []
2025-07-09 14:35:41,016 [INFO ][org.jppf.load.balancer.persistence.LoadBalancerPersistenceManager.<init>(62)]: load-balancer persistence is not configured
2025-07-09 14:35:54,642 [ERROR][org.jppf.comm.discovery.JPPFMulticastReceiver.run(242)]: Invalid argument: setsockopt
java.net.SocketException: Invalid argument: setsockopt
	at java.base/sun.nio.ch.Net.setInterface6(Native Method)
	at java.base/sun.nio.ch.DatagramChannelImpl.setOption(DatagramChannelImpl.java:381)
	at java.base/sun.nio.ch.DatagramSocketAdaptor.setOption(DatagramSocketAdaptor.java:379)
	at java.base/sun.nio.ch.DatagramSocketAdaptor.setNetworkInterface(DatagramSocketAdaptor.java:564)
	at java.base/sun.nio.ch.DatagramSocketAdaptor.setInterface(DatagramSocketAdaptor.java:528)
	at java.base/java.net.MulticastSocket.setInterface(MulticastSocket.java:404)
	at org.jppf.comm.discovery.JPPFMulticastReceiver$Receiver.run(JPPFMulticastReceiver.java:216)
2025-07-09 14:36:04,142 [INFO ][org.jppf.client.AbstractGenericClient.newConnection(246)]: connection [jppf_discovery-1-1] created
2025-07-09 14:36:08,368 [INFO ][org.jppf.client.ClassServerDelegateImpl.init(72)]: [client: jppf_discovery-1-1 - ClassServer] Attempting connection to the class server at DESKTOP-SKR61MK:11111
2025-07-09 14:36:08,374 [INFO ][org.jppf.client.ClassServerDelegateImpl.init(78)]: [client: jppf_discovery-1-1 - ClassServer] Reconnected to the class server
2025-07-09 14:36:08,391 [INFO ][org.jppf.client.TaskServerConnectionHandler.init(65)]: [client: jppf_discovery-1-1 - TasksServer] Attempting connection to the task server at DESKTOP-SKR61MK:11111
2025-07-09 14:36:08,408 [INFO ][org.jppf.client.TaskServerConnectionHandler.init(82)]: [client: jppf_discovery-1-1 - TasksServer] Reconnected to the JPPF task server
2025-07-09 14:36:08,421 [INFO ][org.jppf.nio.NioServer.<init>(136)]: initializing JMXNioServer(JMXRemote-1)
2025-07-09 14:36:08,449 [INFO ][org.jppf.nio.NioConstants.getCheckConnection(85)]: NIO checks are enabled
2025-07-09 14:36:08,456 [INFO ][org.jppf.client.JPPFClient.close(372)]: closing org.jppf.client.JPPFClient@1a18644
2025-07-09 14:36:08,457 [INFO ][org.jppf.client.AbstractGenericClient.close(286)]: closing JPPF client with uuid=B6301A38-361E-4B9C-BC36-89E7BC2481CD, PID=26752
