2025-07-09 14:34:06,153 [INFO ][org.jppf.utils.FileUtils.initJPPFTempDir(482)]: JPPF temp folder C:\Users\Work\AppData\Local\Temp\.jppf
2025-07-09 14:34:06,334 [INFO ][org.jppf.utils.VersionUtils.logVersionInformation(78)]: --------------------------------------------------------------------------------
2025-07-09 14:34:06,335 [INFO ][org.jppf.utils.VersionUtils.logVersionInformation(79)]: JPPF Version: 6.2, Build number: 2613, Build date: 2020-02-08 09:42 CET
2025-07-09 14:34:06,335 [INFO ][org.jppf.utils.VersionUtils.logVersionInformation(80)]: starting node with PID=13888, UUID=F2BD446A-E78B-4D9C-B023-C57938ADB9C0
2025-07-09 14:34:06,335 [INFO ][org.jppf.utils.VersionUtils.logVersionInformation(81)]: --------------------------------------------------------------------------------
2025-07-09 14:34:15,437 [ERROR][org.jppf.comm.discovery.JPPFMulticastReceiver.run(242)]: Invalid argument: setsockopt
java.net.SocketException: Invalid argument: setsockopt
	at java.base/sun.nio.ch.Net.setInterface6(Native Method)
	at java.base/sun.nio.ch.DatagramChannelImpl.setOption(DatagramChannelImpl.java:381)
	at java.base/sun.nio.ch.DatagramSocketAdaptor.setOption(DatagramSocketAdaptor.java:379)
	at java.base/sun.nio.ch.DatagramSocketAdaptor.setNetworkInterface(DatagramSocketAdaptor.java:564)
	at java.base/sun.nio.ch.DatagramSocketAdaptor.setInterface(DatagramSocketAdaptor.java:528)
	at java.base/java.net.MulticastSocket.setInterface(MulticastSocket.java:404)
	at org.jppf.comm.discovery.JPPFMulticastReceiver$Receiver.run(JPPFMulticastReceiver.java:216)
2025-07-09 14:34:20,524 [INFO ][org.jppf.classloader.ClassLoaderRequestHandler.run(139)]: peakBatchSize = 1
2025-07-09 14:34:20,549 [INFO ][org.jppf.execute.ThreadManager.newInstance(114)]: Using default thread manager
2025-07-09 14:34:24,831 [INFO ][org.jppf.management.diagnostics.Diagnostics.init(81)]: a heap dump collector could not be created for this JVM - no heap dumps will be available
2025-07-09 14:34:24,851 [WARN ][org.jppf.management.spi.JPPFMBeanProviderManager.<init>(74)]: an MBean implementation of type org.jppf.node.debug.NodeDebugMBeanProvider could not be created
2025-07-09 14:34:24,865 [INFO ][org.jppf.nio.NioConstants.getCheckConnection(85)]: NIO checks are enabled
2025-07-09 14:34:24,869 [INFO ][org.jppf.nio.NioServer.<init>(136)]: initializing AcceptorNioServer(Acceptor)
2025-07-09 14:34:24,918 [INFO ][org.jppf.nio.NioServer.<init>(136)]: initializing JMXNioServer(JMXRemote-1)
