2025-07-09 12:04:51,125 [Worker-6: Loading available Gradle versions] INFO  o.e.b.c.i.u.g.PublishedGradleVersions - Gradle version information cache is up-to-date. Trying to read.
2025-07-09 12:04:52,174 [Worker-7: Updating Maven Dependencies] WARN  o.e.m.c.i.embedder.EclipseLogger - Settings for server invesdwin uses legacy format
2025-07-09 12:04:52,174 [Worker-8: Repository registry initialization] WARN  o.e.m.c.i.embedder.EclipseLogger - Settings for server invesdwin uses legacy format
2025-07-09 12:04:52,174 [Worker-7: Updating Maven Dependencies] WARN  o.e.m.c.i.embedder.EclipseLogger - Settings for server invesdwin uses legacy format
2025-07-09 12:04:52,174 [Worker-8: Repository registry initialization] WARN  o.e.m.c.i.embedder.EclipseLogger - Settings for server invesdwin uses legacy format
2025-07-09 12:04:52,175 [Worker-7: Updating Maven Dependencies] WARN  o.e.m.c.i.embedder.EclipseLogger - Settings for server invesdwin-oss uses legacy format
2025-07-09 12:04:52,175 [Worker-8: Repository registry initialization] WARN  o.e.m.c.i.embedder.EclipseLogger - Settings for server invesdwin-oss uses legacy format
2025-07-09 12:04:52,175 [Worker-7: Updating Maven Dependencies] WARN  o.e.m.c.i.embedder.EclipseLogger - Settings for server invesdwin-oss uses legacy format
2025-07-09 12:04:52,175 [Worker-8: Repository registry initialization] WARN  o.e.m.c.i.embedder.EclipseLogger - Settings for server invesdwin-oss uses legacy format
2025-07-09 12:04:52,176 [Worker-7: Updating Maven Dependencies] WARN  o.e.m.c.i.embedder.EclipseLogger - Settings for server orbox uses legacy format
2025-07-09 12:04:52,176 [Worker-8: Repository registry initialization] WARN  o.e.m.c.i.embedder.EclipseLogger - Settings for server orbox uses legacy format
2025-07-09 12:04:52,176 [Worker-7: Updating Maven Dependencies] WARN  o.e.m.c.i.embedder.EclipseLogger - Settings for server orbox uses legacy format
2025-07-09 12:04:52,176 [Worker-8: Repository registry initialization] WARN  o.e.m.c.i.embedder.EclipseLogger - Settings for server orbox uses legacy format
2025-07-09 12:04:52,176 [Worker-7: Updating Maven Dependencies] WARN  o.e.m.c.i.embedder.EclipseLogger - Settings for server irisalpha uses legacy format
2025-07-09 12:04:52,177 [Worker-8: Repository registry initialization] WARN  o.e.m.c.i.embedder.EclipseLogger - Settings for server irisalpha uses legacy format
2025-07-09 12:04:52,177 [Worker-7: Updating Maven Dependencies] WARN  o.e.m.c.i.embedder.EclipseLogger - Settings for server irisalpha uses legacy format
2025-07-09 12:04:52,177 [Worker-8: Repository registry initialization] WARN  o.e.m.c.i.embedder.EclipseLogger - Settings for server irisalpha uses legacy format
2025-07-09 12:04:52,177 [Worker-7: Updating Maven Dependencies] WARN  o.e.m.c.i.embedder.EclipseLogger - Settings for server 123invest uses legacy format
2025-07-09 12:04:52,178 [Worker-8: Repository registry initialization] WARN  o.e.m.c.i.embedder.EclipseLogger - Settings for server 123invest uses legacy format
2025-07-09 12:04:52,178 [Worker-7: Updating Maven Dependencies] WARN  o.e.m.c.i.embedder.EclipseLogger - Settings for server 123invest uses legacy format
2025-07-09 12:04:52,178 [Worker-8: Repository registry initialization] WARN  o.e.m.c.i.embedder.EclipseLogger - Settings for server 123invest uses legacy format
2025-07-09 12:04:52,193 [Worker-8: Repository registry initialization] WARN  o.e.m.c.i.embedder.EclipseLogger - Settings for server invesdwin uses legacy format
2025-07-09 12:04:52,194 [Worker-8: Repository registry initialization] WARN  o.e.m.c.i.embedder.EclipseLogger - Settings for server invesdwin uses legacy format
2025-07-09 12:04:52,194 [Worker-8: Repository registry initialization] WARN  o.e.m.c.i.embedder.EclipseLogger - Settings for server invesdwin-oss uses legacy format
2025-07-09 12:04:52,194 [Worker-8: Repository registry initialization] WARN  o.e.m.c.i.embedder.EclipseLogger - Settings for server invesdwin-oss uses legacy format
2025-07-09 12:04:52,195 [Worker-8: Repository registry initialization] WARN  o.e.m.c.i.embedder.EclipseLogger - Settings for server orbox uses legacy format
2025-07-09 12:04:52,195 [Worker-8: Repository registry initialization] WARN  o.e.m.c.i.embedder.EclipseLogger - Settings for server orbox uses legacy format
2025-07-09 12:04:52,195 [Worker-8: Repository registry initialization] WARN  o.e.m.c.i.embedder.EclipseLogger - Settings for server irisalpha uses legacy format
2025-07-09 12:04:52,196 [Worker-8: Repository registry initialization] WARN  o.e.m.c.i.embedder.EclipseLogger - Settings for server irisalpha uses legacy format
2025-07-09 12:04:52,196 [Worker-8: Repository registry initialization] WARN  o.e.m.c.i.embedder.EclipseLogger - Settings for server 123invest uses legacy format
2025-07-09 12:04:52,196 [Worker-8: Repository registry initialization] WARN  o.e.m.c.i.embedder.EclipseLogger - Settings for server 123invest uses legacy format
2025-07-09 12:04:52,198 [Worker-8: Repository registry initialization] WARN  o.e.m.c.i.embedder.EclipseLogger - Settings for server invesdwin uses legacy format
2025-07-09 12:04:52,198 [Worker-8: Repository registry initialization] WARN  o.e.m.c.i.embedder.EclipseLogger - Settings for server invesdwin uses legacy format
2025-07-09 12:04:52,199 [Worker-8: Repository registry initialization] WARN  o.e.m.c.i.embedder.EclipseLogger - Settings for server invesdwin-oss uses legacy format
2025-07-09 12:04:52,199 [Worker-8: Repository registry initialization] WARN  o.e.m.c.i.embedder.EclipseLogger - Settings for server invesdwin-oss uses legacy format
2025-07-09 12:04:52,199 [Worker-8: Repository registry initialization] WARN  o.e.m.c.i.embedder.EclipseLogger - Settings for server orbox uses legacy format
2025-07-09 12:04:52,199 [Worker-8: Repository registry initialization] WARN  o.e.m.c.i.embedder.EclipseLogger - Settings for server orbox uses legacy format
2025-07-09 12:04:52,200 [Worker-8: Repository registry initialization] WARN  o.e.m.c.i.embedder.EclipseLogger - Settings for server irisalpha uses legacy format
2025-07-09 12:04:52,200 [Worker-8: Repository registry initialization] WARN  o.e.m.c.i.embedder.EclipseLogger - Settings for server irisalpha uses legacy format
2025-07-09 12:04:52,200 [Worker-8: Repository registry initialization] WARN  o.e.m.c.i.embedder.EclipseLogger - Settings for server 123invest uses legacy format
2025-07-09 12:04:52,201 [Worker-8: Repository registry initialization] WARN  o.e.m.c.i.embedder.EclipseLogger - Settings for server 123invest uses legacy format
2025-07-09 12:04:52,204 [Worker-8: Repository registry initialization] WARN  o.e.m.c.i.embedder.EclipseLogger - Settings for server invesdwin uses legacy format
2025-07-09 12:04:52,204 [Worker-8: Repository registry initialization] WARN  o.e.m.c.i.embedder.EclipseLogger - Settings for server invesdwin uses legacy format
2025-07-09 12:04:52,205 [Worker-8: Repository registry initialization] WARN  o.e.m.c.i.embedder.EclipseLogger - Settings for server invesdwin-oss uses legacy format
2025-07-09 12:04:52,205 [Worker-8: Repository registry initialization] WARN  o.e.m.c.i.embedder.EclipseLogger - Settings for server invesdwin-oss uses legacy format
2025-07-09 12:04:52,206 [Worker-8: Repository registry initialization] WARN  o.e.m.c.i.embedder.EclipseLogger - Settings for server orbox uses legacy format
2025-07-09 12:04:52,206 [Worker-8: Repository registry initialization] WARN  o.e.m.c.i.embedder.EclipseLogger - Settings for server orbox uses legacy format
2025-07-09 12:04:52,207 [Worker-8: Repository registry initialization] WARN  o.e.m.c.i.embedder.EclipseLogger - Settings for server irisalpha uses legacy format
2025-07-09 12:04:52,207 [Worker-8: Repository registry initialization] WARN  o.e.m.c.i.embedder.EclipseLogger - Settings for server irisalpha uses legacy format
2025-07-09 12:04:52,207 [Worker-8: Repository registry initialization] WARN  o.e.m.c.i.embedder.EclipseLogger - Settings for server 123invest uses legacy format
2025-07-09 12:04:52,208 [Worker-8: Repository registry initialization] WARN  o.e.m.c.i.embedder.EclipseLogger - Settings for server 123invest uses legacy format
2025-07-09 12:04:52,210 [Worker-8: Repository registry initialization] WARN  o.e.m.c.i.embedder.EclipseLogger - Settings for server invesdwin uses legacy format
2025-07-09 12:04:52,211 [Worker-8: Repository registry initialization] WARN  o.e.m.c.i.embedder.EclipseLogger - Settings for server invesdwin uses legacy format
2025-07-09 12:04:52,211 [Worker-8: Repository registry initialization] WARN  o.e.m.c.i.embedder.EclipseLogger - Settings for server invesdwin-oss uses legacy format
2025-07-09 12:04:52,212 [Worker-8: Repository registry initialization] WARN  o.e.m.c.i.embedder.EclipseLogger - Settings for server invesdwin-oss uses legacy format
2025-07-09 12:04:52,212 [Worker-8: Repository registry initialization] WARN  o.e.m.c.i.embedder.EclipseLogger - Settings for server orbox uses legacy format
2025-07-09 12:04:52,213 [Worker-8: Repository registry initialization] WARN  o.e.m.c.i.embedder.EclipseLogger - Settings for server orbox uses legacy format
2025-07-09 12:04:52,213 [Worker-8: Repository registry initialization] WARN  o.e.m.c.i.embedder.EclipseLogger - Settings for server irisalpha uses legacy format
2025-07-09 12:04:52,214 [Worker-8: Repository registry initialization] WARN  o.e.m.c.i.embedder.EclipseLogger - Settings for server irisalpha uses legacy format
2025-07-09 12:04:52,214 [Worker-8: Repository registry initialization] WARN  o.e.m.c.i.embedder.EclipseLogger - Settings for server 123invest uses legacy format
2025-07-09 12:04:52,215 [Worker-8: Repository registry initialization] WARN  o.e.m.c.i.embedder.EclipseLogger - Settings for server 123invest uses legacy format
2025-07-09 12:04:52,216 [Worker-8: Repository registry initialization] WARN  o.e.m.c.i.embedder.EclipseLogger - Settings for server invesdwin uses legacy format
2025-07-09 12:04:52,217 [Worker-8: Repository registry initialization] WARN  o.e.m.c.i.embedder.EclipseLogger - Settings for server invesdwin uses legacy format
2025-07-09 12:04:52,217 [Worker-8: Repository registry initialization] WARN  o.e.m.c.i.embedder.EclipseLogger - Settings for server invesdwin-oss uses legacy format
2025-07-09 12:04:52,218 [Worker-8: Repository registry initialization] WARN  o.e.m.c.i.embedder.EclipseLogger - Settings for server invesdwin-oss uses legacy format
2025-07-09 12:04:52,218 [Worker-8: Repository registry initialization] WARN  o.e.m.c.i.embedder.EclipseLogger - Settings for server orbox uses legacy format
2025-07-09 12:04:52,218 [Worker-8: Repository registry initialization] WARN  o.e.m.c.i.embedder.EclipseLogger - Settings for server orbox uses legacy format
2025-07-09 12:04:52,219 [Worker-8: Repository registry initialization] WARN  o.e.m.c.i.embedder.EclipseLogger - Settings for server irisalpha uses legacy format
2025-07-09 12:04:52,220 [Worker-8: Repository registry initialization] WARN  o.e.m.c.i.embedder.EclipseLogger - Settings for server irisalpha uses legacy format
2025-07-09 12:04:52,221 [Worker-8: Repository registry initialization] WARN  o.e.m.c.i.embedder.EclipseLogger - Settings for server 123invest uses legacy format
2025-07-09 12:04:52,221 [Worker-8: Repository registry initialization] WARN  o.e.m.c.i.embedder.EclipseLogger - Settings for server 123invest uses legacy format
2025-07-09 12:04:52,223 [Worker-8: Repository registry initialization] WARN  o.e.m.c.i.embedder.EclipseLogger - Settings for server invesdwin uses legacy format
2025-07-09 12:04:52,224 [Worker-8: Repository registry initialization] WARN  o.e.m.c.i.embedder.EclipseLogger - Settings for server invesdwin uses legacy format
2025-07-09 12:04:52,224 [Worker-8: Repository registry initialization] WARN  o.e.m.c.i.embedder.EclipseLogger - Settings for server invesdwin-oss uses legacy format
2025-07-09 12:04:52,225 [Worker-8: Repository registry initialization] WARN  o.e.m.c.i.embedder.EclipseLogger - Settings for server invesdwin-oss uses legacy format
2025-07-09 12:04:52,225 [Worker-8: Repository registry initialization] WARN  o.e.m.c.i.embedder.EclipseLogger - Settings for server orbox uses legacy format
2025-07-09 12:04:52,225 [Worker-8: Repository registry initialization] WARN  o.e.m.c.i.embedder.EclipseLogger - Settings for server orbox uses legacy format
2025-07-09 12:04:52,226 [Worker-8: Repository registry initialization] WARN  o.e.m.c.i.embedder.EclipseLogger - Settings for server irisalpha uses legacy format
2025-07-09 12:04:52,226 [Worker-8: Repository registry initialization] WARN  o.e.m.c.i.embedder.EclipseLogger - Settings for server irisalpha uses legacy format
2025-07-09 12:04:52,227 [Worker-8: Repository registry initialization] WARN  o.e.m.c.i.embedder.EclipseLogger - Settings for server 123invest uses legacy format
2025-07-09 12:04:52,227 [Worker-8: Repository registry initialization] WARN  o.e.m.c.i.embedder.EclipseLogger - Settings for server 123invest uses legacy format
2025-07-09 12:04:52,229 [Worker-8: Repository registry initialization] WARN  o.e.m.c.i.embedder.EclipseLogger - Settings for server invesdwin uses legacy format
2025-07-09 12:04:52,229 [Worker-8: Repository registry initialization] WARN  o.e.m.c.i.embedder.EclipseLogger - Settings for server invesdwin uses legacy format
2025-07-09 12:04:52,230 [Worker-8: Repository registry initialization] WARN  o.e.m.c.i.embedder.EclipseLogger - Settings for server invesdwin-oss uses legacy format
2025-07-09 12:04:52,230 [Worker-8: Repository registry initialization] WARN  o.e.m.c.i.embedder.EclipseLogger - Settings for server invesdwin-oss uses legacy format
2025-07-09 12:04:52,231 [Worker-8: Repository registry initialization] WARN  o.e.m.c.i.embedder.EclipseLogger - Settings for server orbox uses legacy format
2025-07-09 12:04:52,231 [Worker-8: Repository registry initialization] WARN  o.e.m.c.i.embedder.EclipseLogger - Settings for server orbox uses legacy format
2025-07-09 12:04:52,232 [Worker-8: Repository registry initialization] WARN  o.e.m.c.i.embedder.EclipseLogger - Settings for server irisalpha uses legacy format
2025-07-09 12:04:52,232 [Worker-8: Repository registry initialization] WARN  o.e.m.c.i.embedder.EclipseLogger - Settings for server irisalpha uses legacy format
2025-07-09 12:04:52,232 [Worker-8: Repository registry initialization] WARN  o.e.m.c.i.embedder.EclipseLogger - Settings for server 123invest uses legacy format
2025-07-09 12:04:52,233 [Worker-8: Repository registry initialization] WARN  o.e.m.c.i.embedder.EclipseLogger - Settings for server 123invest uses legacy format
2025-07-09 12:04:52,235 [Worker-8: Repository registry initialization] WARN  o.e.m.c.i.embedder.EclipseLogger - Settings for server invesdwin uses legacy format
2025-07-09 12:04:52,237 [Worker-8: Repository registry initialization] WARN  o.e.m.c.i.embedder.EclipseLogger - Settings for server invesdwin uses legacy format
2025-07-09 12:04:52,239 [Worker-8: Repository registry initialization] WARN  o.e.m.c.i.embedder.EclipseLogger - Settings for server invesdwin-oss uses legacy format
2025-07-09 12:04:52,240 [Worker-8: Repository registry initialization] WARN  o.e.m.c.i.embedder.EclipseLogger - Settings for server invesdwin-oss uses legacy format
2025-07-09 12:04:52,242 [Worker-8: Repository registry initialization] WARN  o.e.m.c.i.embedder.EclipseLogger - Settings for server orbox uses legacy format
2025-07-09 12:04:52,243 [Worker-8: Repository registry initialization] WARN  o.e.m.c.i.embedder.EclipseLogger - Settings for server orbox uses legacy format
2025-07-09 12:04:52,243 [Worker-8: Repository registry initialization] WARN  o.e.m.c.i.embedder.EclipseLogger - Settings for server irisalpha uses legacy format
2025-07-09 12:04:52,244 [Worker-8: Repository registry initialization] WARN  o.e.m.c.i.embedder.EclipseLogger - Settings for server irisalpha uses legacy format
2025-07-09 12:04:52,244 [Worker-8: Repository registry initialization] WARN  o.e.m.c.i.embedder.EclipseLogger - Settings for server 123invest uses legacy format
2025-07-09 12:04:52,244 [Worker-8: Repository registry initialization] WARN  o.e.m.c.i.embedder.EclipseLogger - Settings for server 123invest uses legacy format
2025-07-09 12:05:47,074 [ModalContext] INFO  o.b.c.a.StaticComponentContainer - (StaticComponentContainer.java:368) - Instantiated org.burningwave.core.SLF4JManagedLoggerRepository
2025-07-09 12:05:47,076 [ModalContext] INFO  o.b.c.a.StaticComponentContainer - (StaticComponentContainer.java:369) - 

	Configuration values for static components:

		background-executor.all-tasks-monitoring.enabled=\
			true
		background-executor.all-tasks-monitoring.interval=\
			30000
		background-executor.all-tasks-monitoring.logger.enabled=\
			false
		background-executor.all-tasks-monitoring.minimum-elapsed-time-to-consider-a-task-as-probable-dead-locked=\
			300000
		background-executor.all-tasks-monitoring.probable-dead-locked-tasks-handling.policy=\
			log only
		background-executor.queued-task-executor[0].name=\
			Low priority tasks
		background-executor.queued-task-executor[0].priority=\
			1
		background-executor.queued-task-executor[1].name=\
			Normal priority tasks
		background-executor.queued-task-executor[1].priority=\
			5
		background-executor.queued-task-executor[2].name=\
			High priority tasks
		background-executor.queued-task-executor[2].priority=\
			10
		background-executor.task-creation-tracking.enabled=\
			${background-executor.all-tasks-monitoring.enabled}
		banner.additonal-informations=\
			${Implementation-Title} ${Implementation-Version}
		banner.additonal-informations.retrieve-from-manifest-file-with-implementation-title=\
			Burningwave Core
		banner.file=\
			org/burningwave/banner.bwb
		banner.hide=\
			true
		buffer-handler.default-allocation-mode=\
			ByteBuffer::allocateDirect
		buffer-handler.default-buffer-size=\
			1024
		group-name-for-named-elements=\
			Burningwave
		iterable-object-helper.default-values-separator=\
			;
		iterable-object-helper.parallel-iteration.applicability.default-minimum-collection-size=\
			2
		iterable-object-helper.parallel-iteration.applicability.max-runtime-thread-count-threshold=\
			autodetect
		iterable-object-helper.parallel-iteration.applicability.output-collection-enabled-types=\
			java.util.concurrent.ConcurrentHashMap$CollectionView;\
			java.util.Collections$SynchronizedCollection;\
			java.util.concurrent.CopyOnWriteArrayList;\
			java.util.concurrent.CopyOnWriteArraySet;\
			java.util.concurrent.BlockingQueue;\
			java.util.concurrent.ConcurrentSkipListSet;\
			java.util.concurrent.ConcurrentSkipListMap$EntrySet;\
			java.util.concurrent.ConcurrentSkipListMap$KeySet;\
			java.util.concurrent.ConcurrentSkipListMap$Values;
		jvm.driver.init=\
			false
		managed-logger.repository=\
			autodetect
		managed-logger.repository.enabled=\
			true
		managed-logger.repository.logging.warn.disabled-for=\
			org.burningwave.core.assembler.ComponentContainer$ClassLoader;\
			org.burningwave.core.classes.MemoryClassLoader;\
			org.burningwave.core.classes.PathScannerClassLoader;
		modules.export-all-to-all=\
			true
		resource-releaser.enabled=\
			true
		synchronizer.all-threads-monitoring.enabled=\
			false
		synchronizer.all-threads-monitoring.interval=\
			90000
		thread-supplier.default-daemon-flag-value=\
			true
		thread-supplier.default-thread-priority=\
			5
		thread-supplier.max-detached-thread-count=\
			${thread-supplier.max-poolable-thread-count}
		thread-supplier.max-detached-thread-count.elapsed-time-threshold-from-last-increase-for-gradual-decreasing-to-initial-value=\
			30000
		thread-supplier.max-detached-thread-count.increasing-step=\
			autodetect
		thread-supplier.max-poolable-thread-count=\
			autodetect
		thread-supplier.poolable-thread-request-timeout=\
			6000


2025-07-09 12:05:47,079 [ModalContext] INFO  o.b.core.jvm.BufferHandler - (BufferHandler.java:127) - default buffer size: 1024 bytes
2025-07-09 12:05:47,079 [ModalContext] INFO  o.b.core.jvm.BufferHandler - (BufferHandler.java:141) - default allocation mode: ByteBuffer::allocateDirect
2025-07-09 12:05:47,084 [ModalContext] INFO  org.burningwave.core.Cache - (Cache.java:76) - Building cache
2025-07-09 12:05:47,108 [ModalContext] INFO  o.b.c.a.StaticComponentContainer - (StaticComponentContainer.java:443) - org.burningwave.core.assembler.StaticComponentContainer initialized in 0.14569 seconds
2025-07-09 12:37:50,623 [Worker-39: Retrieving archetypes:] WARN  o.e.m.c.i.embedder.EclipseLogger - Settings for server invesdwin uses legacy format
2025-07-09 12:37:50,624 [Worker-39: Retrieving archetypes:] WARN  o.e.m.c.i.embedder.EclipseLogger - Settings for server invesdwin uses legacy format
2025-07-09 12:37:50,625 [Worker-39: Retrieving archetypes:] WARN  o.e.m.c.i.embedder.EclipseLogger - Settings for server invesdwin-oss uses legacy format
2025-07-09 12:37:50,625 [Worker-39: Retrieving archetypes:] WARN  o.e.m.c.i.embedder.EclipseLogger - Settings for server invesdwin-oss uses legacy format
2025-07-09 12:37:50,626 [Worker-39: Retrieving archetypes:] WARN  o.e.m.c.i.embedder.EclipseLogger - Settings for server orbox uses legacy format
2025-07-09 12:37:50,626 [Worker-39: Retrieving archetypes:] WARN  o.e.m.c.i.embedder.EclipseLogger - Settings for server orbox uses legacy format
2025-07-09 12:37:50,626 [Worker-39: Retrieving archetypes:] WARN  o.e.m.c.i.embedder.EclipseLogger - Settings for server irisalpha uses legacy format
2025-07-09 12:37:50,627 [Worker-39: Retrieving archetypes:] WARN  o.e.m.c.i.embedder.EclipseLogger - Settings for server irisalpha uses legacy format
2025-07-09 12:37:50,627 [Worker-39: Retrieving archetypes:] WARN  o.e.m.c.i.embedder.EclipseLogger - Settings for server 123invest uses legacy format
2025-07-09 12:37:50,627 [Worker-39: Retrieving archetypes:] WARN  o.e.m.c.i.embedder.EclipseLogger - Settings for server 123invest uses legacy format
2025-07-09 12:37:50,637 [Worker-39: Retrieving archetypes:] WARN  o.e.m.c.i.embedder.EclipseLogger - Settings for server invesdwin uses legacy format
2025-07-09 12:37:50,637 [Worker-31: Retrieving archetypes:] WARN  o.e.m.c.i.embedder.EclipseLogger - Settings for server invesdwin uses legacy format
2025-07-09 12:37:50,637 [Worker-39: Retrieving archetypes:] WARN  o.e.m.c.i.embedder.EclipseLogger - Settings for server invesdwin uses legacy format
2025-07-09 12:37:50,638 [Worker-31: Retrieving archetypes:] WARN  o.e.m.c.i.embedder.EclipseLogger - Settings for server invesdwin uses legacy format
2025-07-09 12:37:50,638 [Worker-39: Retrieving archetypes:] WARN  o.e.m.c.i.embedder.EclipseLogger - Settings for server invesdwin-oss uses legacy format
2025-07-09 12:37:50,638 [Worker-31: Retrieving archetypes:] WARN  o.e.m.c.i.embedder.EclipseLogger - Settings for server invesdwin-oss uses legacy format
2025-07-09 12:37:50,638 [Worker-39: Retrieving archetypes:] WARN  o.e.m.c.i.embedder.EclipseLogger - Settings for server invesdwin-oss uses legacy format
2025-07-09 12:37:50,638 [Worker-31: Retrieving archetypes:] WARN  o.e.m.c.i.embedder.EclipseLogger - Settings for server invesdwin-oss uses legacy format
2025-07-09 12:37:50,639 [Worker-39: Retrieving archetypes:] WARN  o.e.m.c.i.embedder.EclipseLogger - Settings for server orbox uses legacy format
2025-07-09 12:37:50,639 [Worker-31: Retrieving archetypes:] WARN  o.e.m.c.i.embedder.EclipseLogger - Settings for server orbox uses legacy format
2025-07-09 12:37:50,639 [Worker-31: Retrieving archetypes:] WARN  o.e.m.c.i.embedder.EclipseLogger - Settings for server orbox uses legacy format
2025-07-09 12:37:50,639 [Worker-39: Retrieving archetypes:] WARN  o.e.m.c.i.embedder.EclipseLogger - Settings for server orbox uses legacy format
2025-07-09 12:37:50,640 [Worker-31: Retrieving archetypes:] WARN  o.e.m.c.i.embedder.EclipseLogger - Settings for server irisalpha uses legacy format
2025-07-09 12:37:50,640 [Worker-39: Retrieving archetypes:] WARN  o.e.m.c.i.embedder.EclipseLogger - Settings for server irisalpha uses legacy format
2025-07-09 12:37:50,640 [Worker-31: Retrieving archetypes:] WARN  o.e.m.c.i.embedder.EclipseLogger - Settings for server irisalpha uses legacy format
2025-07-09 12:37:50,640 [Worker-39: Retrieving archetypes:] WARN  o.e.m.c.i.embedder.EclipseLogger - Settings for server irisalpha uses legacy format
2025-07-09 12:37:50,640 [Worker-31: Retrieving archetypes:] WARN  o.e.m.c.i.embedder.EclipseLogger - Settings for server 123invest uses legacy format
2025-07-09 12:37:50,641 [Worker-39: Retrieving archetypes:] WARN  o.e.m.c.i.embedder.EclipseLogger - Settings for server 123invest uses legacy format
2025-07-09 12:37:50,641 [Worker-31: Retrieving archetypes:] WARN  o.e.m.c.i.embedder.EclipseLogger - Settings for server 123invest uses legacy format
2025-07-09 12:37:50,641 [Worker-39: Retrieving archetypes:] WARN  o.e.m.c.i.embedder.EclipseLogger - Settings for server 123invest uses legacy format
2025-07-09 12:39:22,792 [Burningwave - Resource releaser] INFO  o.b.c.a.StaticComponentContainer - (StaticComponentContainer.java:391) - ... Waiting for all tasks ending
2025-07-09 12:39:22,792 [Burningwave - Resource releaser] INFO  o.b.c.a.StaticComponentContainer - (StaticComponentContainer.java:397) - Closing all component containers
2025-07-09 12:39:22,794 [Burningwave - Resource releaser] INFO  o.b.c.a.StaticComponentContainer - (StaticComponentContainer.java:403) - Closing FileSystemHelper
2025-07-09 12:39:22,794 [Burningwave - Resource releaser] INFO  o.b.c.a.StaticComponentContainer - (StaticComponentContainer.java:409) - ... Waiting for all tasks ending before shutting down the BackgroundExecutor
2025-07-09 12:39:22,795 [Burningwave - Resource releaser] INFO  o.b.c.a.StaticComponentContainer - (StaticComponentContainer.java:414) - Shutting down BackgroundExecutor
2025-07-09 12:39:22,795 [Burningwave - Resource releaser] INFO  o.b.c.a.StaticComponentContainer - (StaticComponentContainer.java:420) - Stopping all threads monitoring thread
2025-07-09 12:39:22,795 [Burningwave - Resource releaser] INFO  o.b.c.a.StaticComponentContainer - (StaticComponentContainer.java:425) - Closing ThreadHolder
2025-07-09 12:39:22,796 [Burningwave - Resource releaser] INFO  o.b.c.a.StaticComponentContainer - (StaticComponentContainer.java:430) - Shutting down ThreadSupplier
2025-07-09 12:39:56,452 [main] INFO  o.b.c.a.StaticComponentContainer - (StaticComponentContainer.java:368) - Instantiated org.burningwave.core.SLF4JManagedLoggerRepository
2025-07-09 12:39:56,454 [main] INFO  o.b.c.a.StaticComponentContainer - (StaticComponentContainer.java:369) - 

	Configuration values for static components:

		background-executor.all-tasks-monitoring.enabled=\
			true
		background-executor.all-tasks-monitoring.interval=\
			30000
		background-executor.all-tasks-monitoring.logger.enabled=\
			false
		background-executor.all-tasks-monitoring.minimum-elapsed-time-to-consider-a-task-as-probable-dead-locked=\
			300000
		background-executor.all-tasks-monitoring.probable-dead-locked-tasks-handling.policy=\
			log only
		background-executor.queued-task-executor[0].name=\
			Low priority tasks
		background-executor.queued-task-executor[0].priority=\
			1
		background-executor.queued-task-executor[1].name=\
			Normal priority tasks
		background-executor.queued-task-executor[1].priority=\
			5
		background-executor.queued-task-executor[2].name=\
			High priority tasks
		background-executor.queued-task-executor[2].priority=\
			10
		background-executor.task-creation-tracking.enabled=\
			${background-executor.all-tasks-monitoring.enabled}
		banner.additonal-informations=\
			${Implementation-Title} ${Implementation-Version}
		banner.additonal-informations.retrieve-from-manifest-file-with-implementation-title=\
			Burningwave Core
		banner.file=\
			org/burningwave/banner.bwb
		banner.hide=\
			true
		buffer-handler.default-allocation-mode=\
			ByteBuffer::allocateDirect
		buffer-handler.default-buffer-size=\
			1024
		group-name-for-named-elements=\
			Burningwave
		iterable-object-helper.default-values-separator=\
			;
		iterable-object-helper.parallel-iteration.applicability.default-minimum-collection-size=\
			2
		iterable-object-helper.parallel-iteration.applicability.max-runtime-thread-count-threshold=\
			autodetect
		iterable-object-helper.parallel-iteration.applicability.output-collection-enabled-types=\
			java.util.concurrent.ConcurrentHashMap$CollectionView;\
			java.util.Collections$SynchronizedCollection;\
			java.util.concurrent.CopyOnWriteArrayList;\
			java.util.concurrent.CopyOnWriteArraySet;\
			java.util.concurrent.BlockingQueue;\
			java.util.concurrent.ConcurrentSkipListSet;\
			java.util.concurrent.ConcurrentSkipListMap$EntrySet;\
			java.util.concurrent.ConcurrentSkipListMap$KeySet;\
			java.util.concurrent.ConcurrentSkipListMap$Values;
		jvm.driver.init=\
			false
		managed-logger.repository=\
			autodetect
		managed-logger.repository.enabled=\
			true
		managed-logger.repository.logging.warn.disabled-for=\
			org.burningwave.core.assembler.ComponentContainer$ClassLoader;\
			org.burningwave.core.classes.MemoryClassLoader;\
			org.burningwave.core.classes.PathScannerClassLoader;
		modules.export-all-to-all=\
			true
		resource-releaser.enabled=\
			true
		synchronizer.all-threads-monitoring.enabled=\
			false
		synchronizer.all-threads-monitoring.interval=\
			90000
		thread-supplier.default-daemon-flag-value=\
			true
		thread-supplier.default-thread-priority=\
			5
		thread-supplier.max-detached-thread-count=\
			${thread-supplier.max-poolable-thread-count}
		thread-supplier.max-detached-thread-count.elapsed-time-threshold-from-last-increase-for-gradual-decreasing-to-initial-value=\
			30000
		thread-supplier.max-detached-thread-count.increasing-step=\
			autodetect
		thread-supplier.max-poolable-thread-count=\
			autodetect
		thread-supplier.poolable-thread-request-timeout=\
			6000


2025-07-09 12:39:56,456 [main] INFO  o.b.core.jvm.BufferHandler - (BufferHandler.java:127) - default buffer size: 1024 bytes
2025-07-09 12:39:56,457 [main] INFO  o.b.core.jvm.BufferHandler - (BufferHandler.java:141) - default allocation mode: ByteBuffer::allocateDirect
2025-07-09 12:39:56,460 [main] INFO  org.burningwave.core.Cache - (Cache.java:76) - Building cache
2025-07-09 12:39:56,477 [main] INFO  o.b.c.a.StaticComponentContainer - (StaticComponentContainer.java:443) - org.burningwave.core.assembler.StaticComponentContainer initialized in 0.1046147 seconds
2025-07-09 12:39:57,753 [Worker-2: Loading available Gradle versions] INFO  o.e.b.c.i.u.g.PublishedGradleVersions - Gradle version information cache is up-to-date. Trying to read.
2025-07-09 12:39:58,683 [Worker-4: Updating Maven Dependencies] WARN  o.e.m.c.i.embedder.EclipseLogger - Settings for server invesdwin uses legacy format
2025-07-09 12:39:58,683 [Worker-3: Repository registry initialization] WARN  o.e.m.c.i.embedder.EclipseLogger - Settings for server invesdwin uses legacy format
2025-07-09 12:39:58,684 [Worker-4: Updating Maven Dependencies] WARN  o.e.m.c.i.embedder.EclipseLogger - Settings for server invesdwin uses legacy format
2025-07-09 12:39:58,684 [Worker-3: Repository registry initialization] WARN  o.e.m.c.i.embedder.EclipseLogger - Settings for server invesdwin uses legacy format
2025-07-09 12:39:58,684 [Worker-4: Updating Maven Dependencies] WARN  o.e.m.c.i.embedder.EclipseLogger - Settings for server invesdwin-oss uses legacy format
2025-07-09 12:39:58,685 [Worker-3: Repository registry initialization] WARN  o.e.m.c.i.embedder.EclipseLogger - Settings for server invesdwin-oss uses legacy format
2025-07-09 12:39:58,685 [Worker-4: Updating Maven Dependencies] WARN  o.e.m.c.i.embedder.EclipseLogger - Settings for server invesdwin-oss uses legacy format
2025-07-09 12:39:58,685 [Worker-3: Repository registry initialization] WARN  o.e.m.c.i.embedder.EclipseLogger - Settings for server invesdwin-oss uses legacy format
2025-07-09 12:39:58,685 [Worker-4: Updating Maven Dependencies] WARN  o.e.m.c.i.embedder.EclipseLogger - Settings for server orbox uses legacy format
2025-07-09 12:39:58,685 [Worker-3: Repository registry initialization] WARN  o.e.m.c.i.embedder.EclipseLogger - Settings for server orbox uses legacy format
2025-07-09 12:39:58,686 [Worker-4: Updating Maven Dependencies] WARN  o.e.m.c.i.embedder.EclipseLogger - Settings for server orbox uses legacy format
2025-07-09 12:39:58,686 [Worker-3: Repository registry initialization] WARN  o.e.m.c.i.embedder.EclipseLogger - Settings for server orbox uses legacy format
2025-07-09 12:39:58,686 [Worker-4: Updating Maven Dependencies] WARN  o.e.m.c.i.embedder.EclipseLogger - Settings for server irisalpha uses legacy format
2025-07-09 12:39:58,686 [Worker-3: Repository registry initialization] WARN  o.e.m.c.i.embedder.EclipseLogger - Settings for server irisalpha uses legacy format
2025-07-09 12:39:58,686 [Worker-4: Updating Maven Dependencies] WARN  o.e.m.c.i.embedder.EclipseLogger - Settings for server irisalpha uses legacy format
2025-07-09 12:39:58,687 [Worker-3: Repository registry initialization] WARN  o.e.m.c.i.embedder.EclipseLogger - Settings for server irisalpha uses legacy format
2025-07-09 12:39:58,687 [Worker-4: Updating Maven Dependencies] WARN  o.e.m.c.i.embedder.EclipseLogger - Settings for server 123invest uses legacy format
2025-07-09 12:39:58,687 [Worker-3: Repository registry initialization] WARN  o.e.m.c.i.embedder.EclipseLogger - Settings for server 123invest uses legacy format
2025-07-09 12:39:58,687 [Worker-4: Updating Maven Dependencies] WARN  o.e.m.c.i.embedder.EclipseLogger - Settings for server 123invest uses legacy format
2025-07-09 12:39:58,688 [Worker-3: Repository registry initialization] WARN  o.e.m.c.i.embedder.EclipseLogger - Settings for server 123invest uses legacy format
2025-07-09 12:39:58,697 [Worker-4: Updating Maven Dependencies] WARN  o.e.m.c.i.embedder.EclipseLogger - Settings for server invesdwin uses legacy format
2025-07-09 12:39:58,698 [Worker-4: Updating Maven Dependencies] WARN  o.e.m.c.i.embedder.EclipseLogger - Settings for server invesdwin uses legacy format
2025-07-09 12:39:58,698 [Worker-4: Updating Maven Dependencies] WARN  o.e.m.c.i.embedder.EclipseLogger - Settings for server invesdwin-oss uses legacy format
2025-07-09 12:39:58,699 [Worker-4: Updating Maven Dependencies] WARN  o.e.m.c.i.embedder.EclipseLogger - Settings for server invesdwin-oss uses legacy format
2025-07-09 12:39:58,699 [Worker-4: Updating Maven Dependencies] WARN  o.e.m.c.i.embedder.EclipseLogger - Settings for server orbox uses legacy format
2025-07-09 12:39:58,699 [Worker-4: Updating Maven Dependencies] WARN  o.e.m.c.i.embedder.EclipseLogger - Settings for server orbox uses legacy format
2025-07-09 12:39:58,700 [Worker-4: Updating Maven Dependencies] WARN  o.e.m.c.i.embedder.EclipseLogger - Settings for server irisalpha uses legacy format
2025-07-09 12:39:58,700 [Worker-4: Updating Maven Dependencies] WARN  o.e.m.c.i.embedder.EclipseLogger - Settings for server irisalpha uses legacy format
2025-07-09 12:39:58,701 [Worker-4: Updating Maven Dependencies] WARN  o.e.m.c.i.embedder.EclipseLogger - Settings for server 123invest uses legacy format
2025-07-09 12:39:58,701 [Worker-4: Updating Maven Dependencies] WARN  o.e.m.c.i.embedder.EclipseLogger - Settings for server 123invest uses legacy format
2025-07-09 12:39:58,703 [Worker-3: Repository registry initialization] WARN  o.e.m.c.i.embedder.EclipseLogger - Settings for server invesdwin uses legacy format
2025-07-09 12:39:58,704 [Worker-3: Repository registry initialization] WARN  o.e.m.c.i.embedder.EclipseLogger - Settings for server invesdwin uses legacy format
2025-07-09 12:39:58,704 [Worker-3: Repository registry initialization] WARN  o.e.m.c.i.embedder.EclipseLogger - Settings for server invesdwin-oss uses legacy format
2025-07-09 12:39:58,704 [Worker-3: Repository registry initialization] WARN  o.e.m.c.i.embedder.EclipseLogger - Settings for server invesdwin-oss uses legacy format
2025-07-09 12:39:58,705 [Worker-3: Repository registry initialization] WARN  o.e.m.c.i.embedder.EclipseLogger - Settings for server orbox uses legacy format
2025-07-09 12:39:58,705 [Worker-3: Repository registry initialization] WARN  o.e.m.c.i.embedder.EclipseLogger - Settings for server orbox uses legacy format
2025-07-09 12:39:58,705 [Worker-3: Repository registry initialization] WARN  o.e.m.c.i.embedder.EclipseLogger - Settings for server irisalpha uses legacy format
2025-07-09 12:39:58,706 [Worker-3: Repository registry initialization] WARN  o.e.m.c.i.embedder.EclipseLogger - Settings for server irisalpha uses legacy format
2025-07-09 12:39:58,706 [Worker-3: Repository registry initialization] WARN  o.e.m.c.i.embedder.EclipseLogger - Settings for server 123invest uses legacy format
2025-07-09 12:39:58,706 [Worker-3: Repository registry initialization] WARN  o.e.m.c.i.embedder.EclipseLogger - Settings for server 123invest uses legacy format
2025-07-09 12:39:58,708 [Worker-3: Repository registry initialization] WARN  o.e.m.c.i.embedder.EclipseLogger - Settings for server invesdwin uses legacy format
2025-07-09 12:39:58,709 [Worker-3: Repository registry initialization] WARN  o.e.m.c.i.embedder.EclipseLogger - Settings for server invesdwin uses legacy format
2025-07-09 12:39:58,709 [Worker-3: Repository registry initialization] WARN  o.e.m.c.i.embedder.EclipseLogger - Settings for server invesdwin-oss uses legacy format
2025-07-09 12:39:58,710 [Worker-3: Repository registry initialization] WARN  o.e.m.c.i.embedder.EclipseLogger - Settings for server invesdwin-oss uses legacy format
2025-07-09 12:39:58,710 [Worker-3: Repository registry initialization] WARN  o.e.m.c.i.embedder.EclipseLogger - Settings for server orbox uses legacy format
2025-07-09 12:39:58,710 [Worker-3: Repository registry initialization] WARN  o.e.m.c.i.embedder.EclipseLogger - Settings for server orbox uses legacy format
2025-07-09 12:39:58,711 [Worker-3: Repository registry initialization] WARN  o.e.m.c.i.embedder.EclipseLogger - Settings for server irisalpha uses legacy format
2025-07-09 12:39:58,711 [Worker-3: Repository registry initialization] WARN  o.e.m.c.i.embedder.EclipseLogger - Settings for server irisalpha uses legacy format
2025-07-09 12:39:58,711 [Worker-3: Repository registry initialization] WARN  o.e.m.c.i.embedder.EclipseLogger - Settings for server 123invest uses legacy format
2025-07-09 12:39:58,712 [Worker-3: Repository registry initialization] WARN  o.e.m.c.i.embedder.EclipseLogger - Settings for server 123invest uses legacy format
2025-07-09 12:39:58,714 [Worker-3: Repository registry initialization] WARN  o.e.m.c.i.embedder.EclipseLogger - Settings for server invesdwin uses legacy format
2025-07-09 12:39:58,714 [Worker-3: Repository registry initialization] WARN  o.e.m.c.i.embedder.EclipseLogger - Settings for server invesdwin uses legacy format
2025-07-09 12:39:58,714 [Worker-3: Repository registry initialization] WARN  o.e.m.c.i.embedder.EclipseLogger - Settings for server invesdwin-oss uses legacy format
2025-07-09 12:39:58,715 [Worker-3: Repository registry initialization] WARN  o.e.m.c.i.embedder.EclipseLogger - Settings for server invesdwin-oss uses legacy format
2025-07-09 12:39:58,715 [Worker-3: Repository registry initialization] WARN  o.e.m.c.i.embedder.EclipseLogger - Settings for server orbox uses legacy format
2025-07-09 12:39:58,716 [Worker-3: Repository registry initialization] WARN  o.e.m.c.i.embedder.EclipseLogger - Settings for server orbox uses legacy format
2025-07-09 12:39:58,716 [Worker-3: Repository registry initialization] WARN  o.e.m.c.i.embedder.EclipseLogger - Settings for server irisalpha uses legacy format
2025-07-09 12:39:58,716 [Worker-3: Repository registry initialization] WARN  o.e.m.c.i.embedder.EclipseLogger - Settings for server irisalpha uses legacy format
2025-07-09 12:39:58,717 [Worker-3: Repository registry initialization] WARN  o.e.m.c.i.embedder.EclipseLogger - Settings for server 123invest uses legacy format
2025-07-09 12:39:58,717 [Worker-3: Repository registry initialization] WARN  o.e.m.c.i.embedder.EclipseLogger - Settings for server 123invest uses legacy format
2025-07-09 12:39:58,719 [Worker-3: Repository registry initialization] WARN  o.e.m.c.i.embedder.EclipseLogger - Settings for server invesdwin uses legacy format
2025-07-09 12:39:58,720 [Worker-3: Repository registry initialization] WARN  o.e.m.c.i.embedder.EclipseLogger - Settings for server invesdwin uses legacy format
2025-07-09 12:39:58,720 [Worker-3: Repository registry initialization] WARN  o.e.m.c.i.embedder.EclipseLogger - Settings for server invesdwin-oss uses legacy format
2025-07-09 12:39:58,721 [Worker-3: Repository registry initialization] WARN  o.e.m.c.i.embedder.EclipseLogger - Settings for server invesdwin-oss uses legacy format
2025-07-09 12:39:58,721 [Worker-3: Repository registry initialization] WARN  o.e.m.c.i.embedder.EclipseLogger - Settings for server orbox uses legacy format
2025-07-09 12:39:58,721 [Worker-3: Repository registry initialization] WARN  o.e.m.c.i.embedder.EclipseLogger - Settings for server orbox uses legacy format
2025-07-09 12:39:58,722 [Worker-3: Repository registry initialization] WARN  o.e.m.c.i.embedder.EclipseLogger - Settings for server irisalpha uses legacy format
2025-07-09 12:39:58,722 [Worker-3: Repository registry initialization] WARN  o.e.m.c.i.embedder.EclipseLogger - Settings for server irisalpha uses legacy format
2025-07-09 12:39:58,722 [Worker-3: Repository registry initialization] WARN  o.e.m.c.i.embedder.EclipseLogger - Settings for server 123invest uses legacy format
2025-07-09 12:39:58,723 [Worker-3: Repository registry initialization] WARN  o.e.m.c.i.embedder.EclipseLogger - Settings for server 123invest uses legacy format
2025-07-09 12:39:58,724 [Worker-3: Repository registry initialization] WARN  o.e.m.c.i.embedder.EclipseLogger - Settings for server invesdwin uses legacy format
2025-07-09 12:39:58,725 [Worker-3: Repository registry initialization] WARN  o.e.m.c.i.embedder.EclipseLogger - Settings for server invesdwin uses legacy format
2025-07-09 12:39:58,725 [Worker-3: Repository registry initialization] WARN  o.e.m.c.i.embedder.EclipseLogger - Settings for server invesdwin-oss uses legacy format
2025-07-09 12:39:58,725 [Worker-3: Repository registry initialization] WARN  o.e.m.c.i.embedder.EclipseLogger - Settings for server invesdwin-oss uses legacy format
2025-07-09 12:39:58,726 [Worker-3: Repository registry initialization] WARN  o.e.m.c.i.embedder.EclipseLogger - Settings for server orbox uses legacy format
2025-07-09 12:39:58,726 [Worker-3: Repository registry initialization] WARN  o.e.m.c.i.embedder.EclipseLogger - Settings for server orbox uses legacy format
2025-07-09 12:39:58,726 [Worker-3: Repository registry initialization] WARN  o.e.m.c.i.embedder.EclipseLogger - Settings for server irisalpha uses legacy format
2025-07-09 12:39:58,726 [Worker-3: Repository registry initialization] WARN  o.e.m.c.i.embedder.EclipseLogger - Settings for server irisalpha uses legacy format
2025-07-09 12:39:58,727 [Worker-3: Repository registry initialization] WARN  o.e.m.c.i.embedder.EclipseLogger - Settings for server 123invest uses legacy format
2025-07-09 12:39:58,727 [Worker-3: Repository registry initialization] WARN  o.e.m.c.i.embedder.EclipseLogger - Settings for server 123invest uses legacy format
2025-07-09 12:39:58,729 [Worker-3: Repository registry initialization] WARN  o.e.m.c.i.embedder.EclipseLogger - Settings for server invesdwin uses legacy format
2025-07-09 12:39:58,729 [Worker-3: Repository registry initialization] WARN  o.e.m.c.i.embedder.EclipseLogger - Settings for server invesdwin uses legacy format
2025-07-09 12:39:58,730 [Worker-3: Repository registry initialization] WARN  o.e.m.c.i.embedder.EclipseLogger - Settings for server invesdwin-oss uses legacy format
2025-07-09 12:39:58,730 [Worker-3: Repository registry initialization] WARN  o.e.m.c.i.embedder.EclipseLogger - Settings for server invesdwin-oss uses legacy format
2025-07-09 12:39:58,731 [Worker-3: Repository registry initialization] WARN  o.e.m.c.i.embedder.EclipseLogger - Settings for server orbox uses legacy format
2025-07-09 12:39:58,731 [Worker-3: Repository registry initialization] WARN  o.e.m.c.i.embedder.EclipseLogger - Settings for server orbox uses legacy format
2025-07-09 12:39:58,731 [Worker-3: Repository registry initialization] WARN  o.e.m.c.i.embedder.EclipseLogger - Settings for server irisalpha uses legacy format
2025-07-09 12:39:58,732 [Worker-3: Repository registry initialization] WARN  o.e.m.c.i.embedder.EclipseLogger - Settings for server irisalpha uses legacy format
2025-07-09 12:39:58,732 [Worker-3: Repository registry initialization] WARN  o.e.m.c.i.embedder.EclipseLogger - Settings for server 123invest uses legacy format
2025-07-09 12:39:58,732 [Worker-3: Repository registry initialization] WARN  o.e.m.c.i.embedder.EclipseLogger - Settings for server 123invest uses legacy format
2025-07-09 12:39:58,734 [Worker-3: Repository registry initialization] WARN  o.e.m.c.i.embedder.EclipseLogger - Settings for server invesdwin uses legacy format
2025-07-09 12:39:58,734 [Worker-3: Repository registry initialization] WARN  o.e.m.c.i.embedder.EclipseLogger - Settings for server invesdwin uses legacy format
2025-07-09 12:39:58,735 [Worker-3: Repository registry initialization] WARN  o.e.m.c.i.embedder.EclipseLogger - Settings for server invesdwin-oss uses legacy format
2025-07-09 12:39:58,735 [Worker-3: Repository registry initialization] WARN  o.e.m.c.i.embedder.EclipseLogger - Settings for server invesdwin-oss uses legacy format
2025-07-09 12:39:58,735 [Worker-3: Repository registry initialization] WARN  o.e.m.c.i.embedder.EclipseLogger - Settings for server orbox uses legacy format
2025-07-09 12:39:58,736 [Worker-3: Repository registry initialization] WARN  o.e.m.c.i.embedder.EclipseLogger - Settings for server orbox uses legacy format
2025-07-09 12:39:58,736 [Worker-3: Repository registry initialization] WARN  o.e.m.c.i.embedder.EclipseLogger - Settings for server irisalpha uses legacy format
2025-07-09 12:39:58,736 [Worker-3: Repository registry initialization] WARN  o.e.m.c.i.embedder.EclipseLogger - Settings for server irisalpha uses legacy format
2025-07-09 12:39:58,736 [Worker-3: Repository registry initialization] WARN  o.e.m.c.i.embedder.EclipseLogger - Settings for server 123invest uses legacy format
2025-07-09 12:39:58,737 [Worker-3: Repository registry initialization] WARN  o.e.m.c.i.embedder.EclipseLogger - Settings for server 123invest uses legacy format
2025-07-09 12:39:58,738 [Worker-3: Repository registry initialization] WARN  o.e.m.c.i.embedder.EclipseLogger - Settings for server invesdwin uses legacy format
2025-07-09 12:39:58,739 [Worker-3: Repository registry initialization] WARN  o.e.m.c.i.embedder.EclipseLogger - Settings for server invesdwin uses legacy format
2025-07-09 12:39:58,739 [Worker-3: Repository registry initialization] WARN  o.e.m.c.i.embedder.EclipseLogger - Settings for server invesdwin-oss uses legacy format
2025-07-09 12:39:58,739 [Worker-3: Repository registry initialization] WARN  o.e.m.c.i.embedder.EclipseLogger - Settings for server invesdwin-oss uses legacy format
2025-07-09 12:39:58,740 [Worker-3: Repository registry initialization] WARN  o.e.m.c.i.embedder.EclipseLogger - Settings for server orbox uses legacy format
2025-07-09 12:39:58,740 [Worker-3: Repository registry initialization] WARN  o.e.m.c.i.embedder.EclipseLogger - Settings for server orbox uses legacy format
2025-07-09 12:39:58,740 [Worker-3: Repository registry initialization] WARN  o.e.m.c.i.embedder.EclipseLogger - Settings for server irisalpha uses legacy format
2025-07-09 12:39:58,741 [Worker-3: Repository registry initialization] WARN  o.e.m.c.i.embedder.EclipseLogger - Settings for server irisalpha uses legacy format
2025-07-09 12:39:58,741 [Worker-3: Repository registry initialization] WARN  o.e.m.c.i.embedder.EclipseLogger - Settings for server 123invest uses legacy format
2025-07-09 12:39:58,741 [Worker-3: Repository registry initialization] WARN  o.e.m.c.i.embedder.EclipseLogger - Settings for server 123invest uses legacy format
2025-07-09 14:15:58,015 [Burningwave - Resource releaser] INFO  o.b.c.a.StaticComponentContainer - (StaticComponentContainer.java:391) - ... Waiting for all tasks ending
2025-07-09 14:15:58,015 [Burningwave - Resource releaser] INFO  o.b.c.a.StaticComponentContainer - (StaticComponentContainer.java:397) - Closing all component containers
2025-07-09 14:15:58,016 [Burningwave - Resource releaser] INFO  o.b.c.a.StaticComponentContainer - (StaticComponentContainer.java:403) - Closing FileSystemHelper
2025-07-09 14:15:58,017 [Burningwave - Resource releaser] INFO  o.b.c.a.StaticComponentContainer - (StaticComponentContainer.java:409) - ... Waiting for all tasks ending before shutting down the BackgroundExecutor
2025-07-09 14:15:58,017 [Burningwave - Resource releaser] INFO  o.b.c.a.StaticComponentContainer - (StaticComponentContainer.java:414) - Shutting down BackgroundExecutor
2025-07-09 14:15:58,017 [Burningwave - Resource releaser] INFO  o.b.c.a.StaticComponentContainer - (StaticComponentContainer.java:420) - Stopping all threads monitoring thread
2025-07-09 14:15:58,018 [Burningwave - Resource releaser] INFO  o.b.c.a.StaticComponentContainer - (StaticComponentContainer.java:425) - Closing ThreadHolder
2025-07-09 14:15:58,018 [Burningwave - Resource releaser] INFO  o.b.c.a.StaticComponentContainer - (StaticComponentContainer.java:430) - Shutting down ThreadSupplier
2025-07-09 14:17:22,606 [Worker-4: Loading available Gradle versions] INFO  o.e.b.c.i.u.g.PublishedGradleVersions - Gradle version information cache is up-to-date. Trying to read.
2025-07-09 14:17:23,508 [Worker-2: Repository registry initialization] WARN  o.e.m.c.i.embedder.EclipseLogger - Settings for server invesdwin uses legacy format
2025-07-09 14:17:23,508 [Worker-8: Updating Maven Dependencies] WARN  o.e.m.c.i.embedder.EclipseLogger - Settings for server invesdwin uses legacy format
2025-07-09 14:17:23,508 [Worker-2: Repository registry initialization] WARN  o.e.m.c.i.embedder.EclipseLogger - Settings for server invesdwin uses legacy format
2025-07-09 14:17:23,509 [Worker-8: Updating Maven Dependencies] WARN  o.e.m.c.i.embedder.EclipseLogger - Settings for server invesdwin uses legacy format
2025-07-09 14:17:23,509 [Worker-2: Repository registry initialization] WARN  o.e.m.c.i.embedder.EclipseLogger - Settings for server invesdwin-oss uses legacy format
2025-07-09 14:17:23,509 [Worker-8: Updating Maven Dependencies] WARN  o.e.m.c.i.embedder.EclipseLogger - Settings for server invesdwin-oss uses legacy format
2025-07-09 14:17:23,509 [Worker-2: Repository registry initialization] WARN  o.e.m.c.i.embedder.EclipseLogger - Settings for server invesdwin-oss uses legacy format
2025-07-09 14:17:23,510 [Worker-8: Updating Maven Dependencies] WARN  o.e.m.c.i.embedder.EclipseLogger - Settings for server invesdwin-oss uses legacy format
2025-07-09 14:17:23,510 [Worker-2: Repository registry initialization] WARN  o.e.m.c.i.embedder.EclipseLogger - Settings for server orbox uses legacy format
2025-07-09 14:17:23,510 [Worker-8: Updating Maven Dependencies] WARN  o.e.m.c.i.embedder.EclipseLogger - Settings for server orbox uses legacy format
2025-07-09 14:17:23,510 [Worker-2: Repository registry initialization] WARN  o.e.m.c.i.embedder.EclipseLogger - Settings for server orbox uses legacy format
2025-07-09 14:17:23,511 [Worker-8: Updating Maven Dependencies] WARN  o.e.m.c.i.embedder.EclipseLogger - Settings for server orbox uses legacy format
2025-07-09 14:17:23,511 [Worker-2: Repository registry initialization] WARN  o.e.m.c.i.embedder.EclipseLogger - Settings for server irisalpha uses legacy format
2025-07-09 14:17:23,511 [Worker-8: Updating Maven Dependencies] WARN  o.e.m.c.i.embedder.EclipseLogger - Settings for server irisalpha uses legacy format
2025-07-09 14:17:23,511 [Worker-2: Repository registry initialization] WARN  o.e.m.c.i.embedder.EclipseLogger - Settings for server irisalpha uses legacy format
2025-07-09 14:17:23,512 [Worker-8: Updating Maven Dependencies] WARN  o.e.m.c.i.embedder.EclipseLogger - Settings for server irisalpha uses legacy format
2025-07-09 14:17:23,512 [Worker-2: Repository registry initialization] WARN  o.e.m.c.i.embedder.EclipseLogger - Settings for server 123invest uses legacy format
2025-07-09 14:17:23,512 [Worker-8: Updating Maven Dependencies] WARN  o.e.m.c.i.embedder.EclipseLogger - Settings for server 123invest uses legacy format
2025-07-09 14:17:23,512 [Worker-2: Repository registry initialization] WARN  o.e.m.c.i.embedder.EclipseLogger - Settings for server 123invest uses legacy format
2025-07-09 14:17:23,512 [Worker-8: Updating Maven Dependencies] WARN  o.e.m.c.i.embedder.EclipseLogger - Settings for server 123invest uses legacy format
2025-07-09 14:17:23,522 [Worker-8: Updating Maven Dependencies] WARN  o.e.m.c.i.embedder.EclipseLogger - Settings for server invesdwin uses legacy format
2025-07-09 14:17:23,523 [Worker-8: Updating Maven Dependencies] WARN  o.e.m.c.i.embedder.EclipseLogger - Settings for server invesdwin uses legacy format
2025-07-09 14:17:23,523 [Worker-8: Updating Maven Dependencies] WARN  o.e.m.c.i.embedder.EclipseLogger - Settings for server invesdwin-oss uses legacy format
2025-07-09 14:17:23,524 [Worker-8: Updating Maven Dependencies] WARN  o.e.m.c.i.embedder.EclipseLogger - Settings for server invesdwin-oss uses legacy format
2025-07-09 14:17:23,524 [Worker-8: Updating Maven Dependencies] WARN  o.e.m.c.i.embedder.EclipseLogger - Settings for server orbox uses legacy format
2025-07-09 14:17:23,524 [Worker-8: Updating Maven Dependencies] WARN  o.e.m.c.i.embedder.EclipseLogger - Settings for server orbox uses legacy format
2025-07-09 14:17:23,525 [Worker-8: Updating Maven Dependencies] WARN  o.e.m.c.i.embedder.EclipseLogger - Settings for server irisalpha uses legacy format
2025-07-09 14:17:23,525 [Worker-8: Updating Maven Dependencies] WARN  o.e.m.c.i.embedder.EclipseLogger - Settings for server irisalpha uses legacy format
2025-07-09 14:17:23,526 [Worker-8: Updating Maven Dependencies] WARN  o.e.m.c.i.embedder.EclipseLogger - Settings for server 123invest uses legacy format
2025-07-09 14:17:23,526 [Worker-8: Updating Maven Dependencies] WARN  o.e.m.c.i.embedder.EclipseLogger - Settings for server 123invest uses legacy format
2025-07-09 14:17:23,528 [Worker-2: Repository registry initialization] WARN  o.e.m.c.i.embedder.EclipseLogger - Settings for server invesdwin uses legacy format
2025-07-09 14:17:23,528 [Worker-2: Repository registry initialization] WARN  o.e.m.c.i.embedder.EclipseLogger - Settings for server invesdwin uses legacy format
2025-07-09 14:17:23,528 [Worker-2: Repository registry initialization] WARN  o.e.m.c.i.embedder.EclipseLogger - Settings for server invesdwin-oss uses legacy format
2025-07-09 14:17:23,529 [Worker-2: Repository registry initialization] WARN  o.e.m.c.i.embedder.EclipseLogger - Settings for server invesdwin-oss uses legacy format
2025-07-09 14:17:23,529 [Worker-2: Repository registry initialization] WARN  o.e.m.c.i.embedder.EclipseLogger - Settings for server orbox uses legacy format
2025-07-09 14:17:23,529 [Worker-2: Repository registry initialization] WARN  o.e.m.c.i.embedder.EclipseLogger - Settings for server orbox uses legacy format
2025-07-09 14:17:23,530 [Worker-2: Repository registry initialization] WARN  o.e.m.c.i.embedder.EclipseLogger - Settings for server irisalpha uses legacy format
2025-07-09 14:17:23,530 [Worker-2: Repository registry initialization] WARN  o.e.m.c.i.embedder.EclipseLogger - Settings for server irisalpha uses legacy format
2025-07-09 14:17:23,530 [Worker-2: Repository registry initialization] WARN  o.e.m.c.i.embedder.EclipseLogger - Settings for server 123invest uses legacy format
2025-07-09 14:17:23,531 [Worker-2: Repository registry initialization] WARN  o.e.m.c.i.embedder.EclipseLogger - Settings for server 123invest uses legacy format
2025-07-09 14:17:23,532 [Worker-2: Repository registry initialization] WARN  o.e.m.c.i.embedder.EclipseLogger - Settings for server invesdwin uses legacy format
2025-07-09 14:17:23,533 [Worker-2: Repository registry initialization] WARN  o.e.m.c.i.embedder.EclipseLogger - Settings for server invesdwin uses legacy format
2025-07-09 14:17:23,533 [Worker-2: Repository registry initialization] WARN  o.e.m.c.i.embedder.EclipseLogger - Settings for server invesdwin-oss uses legacy format
2025-07-09 14:17:23,533 [Worker-2: Repository registry initialization] WARN  o.e.m.c.i.embedder.EclipseLogger - Settings for server invesdwin-oss uses legacy format
2025-07-09 14:17:23,534 [Worker-2: Repository registry initialization] WARN  o.e.m.c.i.embedder.EclipseLogger - Settings for server orbox uses legacy format
2025-07-09 14:17:23,534 [Worker-2: Repository registry initialization] WARN  o.e.m.c.i.embedder.EclipseLogger - Settings for server orbox uses legacy format
2025-07-09 14:17:23,534 [Worker-2: Repository registry initialization] WARN  o.e.m.c.i.embedder.EclipseLogger - Settings for server irisalpha uses legacy format
2025-07-09 14:17:23,535 [Worker-2: Repository registry initialization] WARN  o.e.m.c.i.embedder.EclipseLogger - Settings for server irisalpha uses legacy format
2025-07-09 14:17:23,535 [Worker-2: Repository registry initialization] WARN  o.e.m.c.i.embedder.EclipseLogger - Settings for server 123invest uses legacy format
2025-07-09 14:17:23,535 [Worker-2: Repository registry initialization] WARN  o.e.m.c.i.embedder.EclipseLogger - Settings for server 123invest uses legacy format
2025-07-09 14:17:23,539 [Worker-2: Repository registry initialization] WARN  o.e.m.c.i.embedder.EclipseLogger - Settings for server invesdwin uses legacy format
2025-07-09 14:17:23,539 [Worker-2: Repository registry initialization] WARN  o.e.m.c.i.embedder.EclipseLogger - Settings for server invesdwin uses legacy format
2025-07-09 14:17:23,539 [Worker-2: Repository registry initialization] WARN  o.e.m.c.i.embedder.EclipseLogger - Settings for server invesdwin-oss uses legacy format
2025-07-09 14:17:23,540 [Worker-2: Repository registry initialization] WARN  o.e.m.c.i.embedder.EclipseLogger - Settings for server invesdwin-oss uses legacy format
2025-07-09 14:17:23,540 [Worker-2: Repository registry initialization] WARN  o.e.m.c.i.embedder.EclipseLogger - Settings for server orbox uses legacy format
2025-07-09 14:17:23,540 [Worker-2: Repository registry initialization] WARN  o.e.m.c.i.embedder.EclipseLogger - Settings for server orbox uses legacy format
2025-07-09 14:17:23,541 [Worker-2: Repository registry initialization] WARN  o.e.m.c.i.embedder.EclipseLogger - Settings for server irisalpha uses legacy format
2025-07-09 14:17:23,541 [Worker-2: Repository registry initialization] WARN  o.e.m.c.i.embedder.EclipseLogger - Settings for server irisalpha uses legacy format
2025-07-09 14:17:23,541 [Worker-2: Repository registry initialization] WARN  o.e.m.c.i.embedder.EclipseLogger - Settings for server 123invest uses legacy format
2025-07-09 14:17:23,542 [Worker-2: Repository registry initialization] WARN  o.e.m.c.i.embedder.EclipseLogger - Settings for server 123invest uses legacy format
2025-07-09 14:17:23,543 [Worker-2: Repository registry initialization] WARN  o.e.m.c.i.embedder.EclipseLogger - Settings for server invesdwin uses legacy format
2025-07-09 14:17:23,544 [Worker-2: Repository registry initialization] WARN  o.e.m.c.i.embedder.EclipseLogger - Settings for server invesdwin uses legacy format
2025-07-09 14:17:23,544 [Worker-2: Repository registry initialization] WARN  o.e.m.c.i.embedder.EclipseLogger - Settings for server invesdwin-oss uses legacy format
2025-07-09 14:17:23,545 [Worker-2: Repository registry initialization] WARN  o.e.m.c.i.embedder.EclipseLogger - Settings for server invesdwin-oss uses legacy format
2025-07-09 14:17:23,545 [Worker-2: Repository registry initialization] WARN  o.e.m.c.i.embedder.EclipseLogger - Settings for server orbox uses legacy format
2025-07-09 14:17:23,546 [Worker-2: Repository registry initialization] WARN  o.e.m.c.i.embedder.EclipseLogger - Settings for server orbox uses legacy format
2025-07-09 14:17:23,546 [Worker-2: Repository registry initialization] WARN  o.e.m.c.i.embedder.EclipseLogger - Settings for server irisalpha uses legacy format
2025-07-09 14:17:23,546 [Worker-2: Repository registry initialization] WARN  o.e.m.c.i.embedder.EclipseLogger - Settings for server irisalpha uses legacy format
2025-07-09 14:17:23,546 [Worker-2: Repository registry initialization] WARN  o.e.m.c.i.embedder.EclipseLogger - Settings for server 123invest uses legacy format
2025-07-09 14:17:23,547 [Worker-2: Repository registry initialization] WARN  o.e.m.c.i.embedder.EclipseLogger - Settings for server 123invest uses legacy format
2025-07-09 14:17:23,548 [Worker-2: Repository registry initialization] WARN  o.e.m.c.i.embedder.EclipseLogger - Settings for server invesdwin uses legacy format
2025-07-09 14:17:23,549 [Worker-2: Repository registry initialization] WARN  o.e.m.c.i.embedder.EclipseLogger - Settings for server invesdwin uses legacy format
2025-07-09 14:17:23,549 [Worker-2: Repository registry initialization] WARN  o.e.m.c.i.embedder.EclipseLogger - Settings for server invesdwin-oss uses legacy format
2025-07-09 14:17:23,549 [Worker-2: Repository registry initialization] WARN  o.e.m.c.i.embedder.EclipseLogger - Settings for server invesdwin-oss uses legacy format
2025-07-09 14:17:23,550 [Worker-2: Repository registry initialization] WARN  o.e.m.c.i.embedder.EclipseLogger - Settings for server orbox uses legacy format
2025-07-09 14:17:23,550 [Worker-2: Repository registry initialization] WARN  o.e.m.c.i.embedder.EclipseLogger - Settings for server orbox uses legacy format
2025-07-09 14:17:23,550 [Worker-2: Repository registry initialization] WARN  o.e.m.c.i.embedder.EclipseLogger - Settings for server irisalpha uses legacy format
2025-07-09 14:17:23,550 [Worker-2: Repository registry initialization] WARN  o.e.m.c.i.embedder.EclipseLogger - Settings for server irisalpha uses legacy format
2025-07-09 14:17:23,551 [Worker-2: Repository registry initialization] WARN  o.e.m.c.i.embedder.EclipseLogger - Settings for server 123invest uses legacy format
2025-07-09 14:17:23,551 [Worker-2: Repository registry initialization] WARN  o.e.m.c.i.embedder.EclipseLogger - Settings for server 123invest uses legacy format
2025-07-09 14:17:23,554 [Worker-2: Repository registry initialization] WARN  o.e.m.c.i.embedder.EclipseLogger - Settings for server invesdwin uses legacy format
2025-07-09 14:17:23,555 [Worker-2: Repository registry initialization] WARN  o.e.m.c.i.embedder.EclipseLogger - Settings for server invesdwin uses legacy format
2025-07-09 14:17:23,556 [Worker-2: Repository registry initialization] WARN  o.e.m.c.i.embedder.EclipseLogger - Settings for server invesdwin-oss uses legacy format
2025-07-09 14:17:23,556 [Worker-2: Repository registry initialization] WARN  o.e.m.c.i.embedder.EclipseLogger - Settings for server invesdwin-oss uses legacy format
2025-07-09 14:17:23,556 [Worker-2: Repository registry initialization] WARN  o.e.m.c.i.embedder.EclipseLogger - Settings for server orbox uses legacy format
2025-07-09 14:17:23,557 [Worker-2: Repository registry initialization] WARN  o.e.m.c.i.embedder.EclipseLogger - Settings for server orbox uses legacy format
2025-07-09 14:17:23,557 [Worker-2: Repository registry initialization] WARN  o.e.m.c.i.embedder.EclipseLogger - Settings for server irisalpha uses legacy format
2025-07-09 14:17:23,557 [Worker-2: Repository registry initialization] WARN  o.e.m.c.i.embedder.EclipseLogger - Settings for server irisalpha uses legacy format
2025-07-09 14:17:23,558 [Worker-2: Repository registry initialization] WARN  o.e.m.c.i.embedder.EclipseLogger - Settings for server 123invest uses legacy format
2025-07-09 14:17:23,558 [Worker-2: Repository registry initialization] WARN  o.e.m.c.i.embedder.EclipseLogger - Settings for server 123invest uses legacy format
2025-07-09 14:17:23,560 [Worker-2: Repository registry initialization] WARN  o.e.m.c.i.embedder.EclipseLogger - Settings for server invesdwin uses legacy format
2025-07-09 14:17:23,560 [Worker-2: Repository registry initialization] WARN  o.e.m.c.i.embedder.EclipseLogger - Settings for server invesdwin uses legacy format
2025-07-09 14:17:23,561 [Worker-2: Repository registry initialization] WARN  o.e.m.c.i.embedder.EclipseLogger - Settings for server invesdwin-oss uses legacy format
2025-07-09 14:17:23,561 [Worker-2: Repository registry initialization] WARN  o.e.m.c.i.embedder.EclipseLogger - Settings for server invesdwin-oss uses legacy format
2025-07-09 14:17:23,561 [Worker-2: Repository registry initialization] WARN  o.e.m.c.i.embedder.EclipseLogger - Settings for server orbox uses legacy format
2025-07-09 14:17:23,561 [Worker-2: Repository registry initialization] WARN  o.e.m.c.i.embedder.EclipseLogger - Settings for server orbox uses legacy format
2025-07-09 14:17:23,562 [Worker-2: Repository registry initialization] WARN  o.e.m.c.i.embedder.EclipseLogger - Settings for server irisalpha uses legacy format
2025-07-09 14:17:23,562 [Worker-2: Repository registry initialization] WARN  o.e.m.c.i.embedder.EclipseLogger - Settings for server irisalpha uses legacy format
2025-07-09 14:17:23,562 [Worker-2: Repository registry initialization] WARN  o.e.m.c.i.embedder.EclipseLogger - Settings for server 123invest uses legacy format
2025-07-09 14:17:23,563 [Worker-2: Repository registry initialization] WARN  o.e.m.c.i.embedder.EclipseLogger - Settings for server 123invest uses legacy format
2025-07-09 14:17:23,565 [Worker-2: Repository registry initialization] WARN  o.e.m.c.i.embedder.EclipseLogger - Settings for server invesdwin uses legacy format
2025-07-09 14:17:23,565 [Worker-2: Repository registry initialization] WARN  o.e.m.c.i.embedder.EclipseLogger - Settings for server invesdwin uses legacy format
2025-07-09 14:17:23,566 [Worker-2: Repository registry initialization] WARN  o.e.m.c.i.embedder.EclipseLogger - Settings for server invesdwin-oss uses legacy format
2025-07-09 14:17:23,566 [Worker-2: Repository registry initialization] WARN  o.e.m.c.i.embedder.EclipseLogger - Settings for server invesdwin-oss uses legacy format
2025-07-09 14:17:23,566 [Worker-2: Repository registry initialization] WARN  o.e.m.c.i.embedder.EclipseLogger - Settings for server orbox uses legacy format
2025-07-09 14:17:23,567 [Worker-2: Repository registry initialization] WARN  o.e.m.c.i.embedder.EclipseLogger - Settings for server orbox uses legacy format
2025-07-09 14:17:23,567 [Worker-2: Repository registry initialization] WARN  o.e.m.c.i.embedder.EclipseLogger - Settings for server irisalpha uses legacy format
2025-07-09 14:17:23,567 [Worker-2: Repository registry initialization] WARN  o.e.m.c.i.embedder.EclipseLogger - Settings for server irisalpha uses legacy format
2025-07-09 14:17:23,567 [Worker-2: Repository registry initialization] WARN  o.e.m.c.i.embedder.EclipseLogger - Settings for server 123invest uses legacy format
2025-07-09 14:17:23,568 [Worker-2: Repository registry initialization] WARN  o.e.m.c.i.embedder.EclipseLogger - Settings for server 123invest uses legacy format
2025-07-09 14:17:53,551 [ModalContext] INFO  o.b.c.a.StaticComponentContainer - (StaticComponentContainer.java:368) - Instantiated org.burningwave.core.SLF4JManagedLoggerRepository
2025-07-09 14:17:53,552 [ModalContext] INFO  o.b.c.a.StaticComponentContainer - (StaticComponentContainer.java:369) - 

	Configuration values for static components:

		background-executor.all-tasks-monitoring.enabled=\
			true
		background-executor.all-tasks-monitoring.interval=\
			30000
		background-executor.all-tasks-monitoring.logger.enabled=\
			false
		background-executor.all-tasks-monitoring.minimum-elapsed-time-to-consider-a-task-as-probable-dead-locked=\
			300000
		background-executor.all-tasks-monitoring.probable-dead-locked-tasks-handling.policy=\
			log only
		background-executor.queued-task-executor[0].name=\
			Low priority tasks
		background-executor.queued-task-executor[0].priority=\
			1
		background-executor.queued-task-executor[1].name=\
			Normal priority tasks
		background-executor.queued-task-executor[1].priority=\
			5
		background-executor.queued-task-executor[2].name=\
			High priority tasks
		background-executor.queued-task-executor[2].priority=\
			10
		background-executor.task-creation-tracking.enabled=\
			${background-executor.all-tasks-monitoring.enabled}
		banner.additonal-informations=\
			${Implementation-Title} ${Implementation-Version}
		banner.additonal-informations.retrieve-from-manifest-file-with-implementation-title=\
			Burningwave Core
		banner.file=\
			org/burningwave/banner.bwb
		banner.hide=\
			true
		buffer-handler.default-allocation-mode=\
			ByteBuffer::allocateDirect
		buffer-handler.default-buffer-size=\
			1024
		group-name-for-named-elements=\
			Burningwave
		iterable-object-helper.default-values-separator=\
			;
		iterable-object-helper.parallel-iteration.applicability.default-minimum-collection-size=\
			2
		iterable-object-helper.parallel-iteration.applicability.max-runtime-thread-count-threshold=\
			autodetect
		iterable-object-helper.parallel-iteration.applicability.output-collection-enabled-types=\
			java.util.concurrent.ConcurrentHashMap$CollectionView;\
			java.util.Collections$SynchronizedCollection;\
			java.util.concurrent.CopyOnWriteArrayList;\
			java.util.concurrent.CopyOnWriteArraySet;\
			java.util.concurrent.BlockingQueue;\
			java.util.concurrent.ConcurrentSkipListSet;\
			java.util.concurrent.ConcurrentSkipListMap$EntrySet;\
			java.util.concurrent.ConcurrentSkipListMap$KeySet;\
			java.util.concurrent.ConcurrentSkipListMap$Values;
		jvm.driver.init=\
			false
		managed-logger.repository=\
			autodetect
		managed-logger.repository.enabled=\
			true
		managed-logger.repository.logging.warn.disabled-for=\
			org.burningwave.core.assembler.ComponentContainer$ClassLoader;\
			org.burningwave.core.classes.MemoryClassLoader;\
			org.burningwave.core.classes.PathScannerClassLoader;
		modules.export-all-to-all=\
			true
		resource-releaser.enabled=\
			true
		synchronizer.all-threads-monitoring.enabled=\
			false
		synchronizer.all-threads-monitoring.interval=\
			90000
		thread-supplier.default-daemon-flag-value=\
			true
		thread-supplier.default-thread-priority=\
			5
		thread-supplier.max-detached-thread-count=\
			${thread-supplier.max-poolable-thread-count}
		thread-supplier.max-detached-thread-count.elapsed-time-threshold-from-last-increase-for-gradual-decreasing-to-initial-value=\
			30000
		thread-supplier.max-detached-thread-count.increasing-step=\
			autodetect
		thread-supplier.max-poolable-thread-count=\
			autodetect
		thread-supplier.poolable-thread-request-timeout=\
			6000


2025-07-09 14:17:53,556 [ModalContext] INFO  o.b.core.jvm.BufferHandler - (BufferHandler.java:127) - default buffer size: 1024 bytes
2025-07-09 14:17:53,557 [ModalContext] INFO  o.b.core.jvm.BufferHandler - (BufferHandler.java:141) - default allocation mode: ByteBuffer::allocateDirect
2025-07-09 14:17:53,561 [ModalContext] INFO  org.burningwave.core.Cache - (Cache.java:76) - Building cache
2025-07-09 14:17:53,590 [ModalContext] INFO  o.b.c.a.StaticComponentContainer - (StaticComponentContainer.java:443) - org.burningwave.core.assembler.StaticComponentContainer initialized in 0.0967826 seconds
2025-07-09 14:41:14,401 [Burningwave - Resource releaser] INFO  o.b.c.a.StaticComponentContainer - (StaticComponentContainer.java:391) - ... Waiting for all tasks ending
2025-07-09 14:41:14,402 [Burningwave - Resource releaser] INFO  o.b.c.a.StaticComponentContainer - (StaticComponentContainer.java:397) - Closing all component containers
2025-07-09 14:41:14,403 [Burningwave - Resource releaser] INFO  o.b.c.a.StaticComponentContainer - (StaticComponentContainer.java:403) - Closing FileSystemHelper
2025-07-09 14:41:14,403 [Burningwave - Resource releaser] INFO  o.b.c.a.StaticComponentContainer - (StaticComponentContainer.java:409) - ... Waiting for all tasks ending before shutting down the BackgroundExecutor
2025-07-09 14:41:14,403 [Burningwave - Resource releaser] INFO  o.b.c.a.StaticComponentContainer - (StaticComponentContainer.java:414) - Shutting down BackgroundExecutor
2025-07-09 14:41:14,404 [Burningwave - Resource releaser] INFO  o.b.c.a.StaticComponentContainer - (StaticComponentContainer.java:420) - Stopping all threads monitoring thread
2025-07-09 14:41:14,404 [Burningwave - Resource releaser] INFO  o.b.c.a.StaticComponentContainer - (StaticComponentContainer.java:425) - Closing ThreadHolder
2025-07-09 14:41:14,404 [Burningwave - Resource releaser] INFO  o.b.c.a.StaticComponentContainer - (StaticComponentContainer.java:430) - Shutting down ThreadSupplier
